<?xml version="1.0" encoding="UTF-8"?>
<coverage generated="1629167262695" clover="3.2.0">
  <project timestamp="1629167262695" name="All files">
    <metrics statements="25" coveredstatements="23" conditionals="36" coveredconditionals="30" methods="8" coveredmethods="6" elements="69" coveredelements="59" complexity="0" loc="25" ncloc="25" packages="1" files="2" classes="2"/>
    <file name="index.styled.ts" path="/Users/fred/code/GitHub/samurais-oauth/src/components/button/index.styled.ts">
      <metrics statements="14" coveredstatements="12" conditionals="26" coveredconditionals="22" methods="6" coveredmethods="4"/>
      <line num="1" count="1" type="stmt"/>
      <line num="22" count="1" type="cond" truecount="2" falsecount="0"/>
      <line num="35" count="4" type="cond" truecount="2" falsecount="0"/>
      <line num="38" count="1" type="cond" truecount="2" falsecount="0"/>
      <line num="45" count="1" type="cond" truecount="2" falsecount="0"/>
      <line num="55" count="1" type="cond" truecount="2" falsecount="0"/>
      <line num="57" count="3" type="cond" truecount="2" falsecount="0"/>
      <line num="59" count="3" type="cond" truecount="2" falsecount="0"/>
      <line num="60" count="3" type="cond" truecount="2" falsecount="0"/>
      <line num="66" count="1" type="cond" truecount="2" falsecount="0"/>
      <line num="70" count="1" type="cond" truecount="2" falsecount="0"/>
      <line num="80" count="1" type="cond" truecount="2" falsecount="0"/>
      <line num="92" count="0" type="cond" truecount="0" falsecount="2"/>
      <line num="93" count="0" type="cond" truecount="0" falsecount="2"/>
    </file>
    <file name="index.tsx" path="/Users/fred/code/GitHub/samurais-oauth/src/components/button/index.tsx">
      <metrics statements="11" coveredstatements="11" conditionals="10" coveredconditionals="8" methods="2" coveredmethods="2"/>
      <line num="1" count="1" type="stmt"/>
      <line num="2" count="1" type="stmt"/>
      <line num="3" count="1" type="stmt"/>
      <line num="20" count="1" type="stmt"/>
      <line num="21" count="8" type="cond" truecount="5" falsecount="1"/>
      <line num="22" count="2" type="stmt"/>
      <line num="23" count="2" type="stmt"/>
      <line num="24" count="2" type="cond" truecount="2" falsecount="0"/>
      <line num="25" count="1" type="stmt"/>
      <line num="32" count="1" type="stmt"/>
      <line num="34" count="2" type="stmt"/>
    </file>
  </project>
</coverage>
