{"/Users/fred/code/GitHub/samurais-oauth/src/components/button/index.styled.ts": {"path":"/Users/fred/code/GitHub/samurais-oauth/src/components/button/index.styled.ts","statementMap":{"0":{"start":{"line":1,"column":0},"end":{"line":1,"column":54}},"1":{"start":{"line":22,"column":13},"end":{"line":35,"column":null}},"2":{"start":{"line":35,"column":25},"end":{"line":35,"column":null}},"3":{"start":{"line":38,"column":13},"end":{"line":41,"column":2}},"4":{"start":{"line":45,"column":13},"end":{"line":53,"column":2}},"5":{"start":{"line":55,"column":13},"end":{"line":60,"column":null}},"6":{"start":{"line":57,"column":22},"end":{"line":57,"column":null}},"7":{"start":{"line":59,"column":29},"end":{"line":59,"column":null}},"8":{"start":{"line":60,"column":24},"end":{"line":60,"column":null}},"9":{"start":{"line":66,"column":13},"end":{"line":69,"column":2}},"10":{"start":{"line":70,"column":13},"end":{"line":77,"column":null}},"11":{"start":{"line":80,"column":13},"end":{"line":93,"column":null}},"12":{"start":{"line":92,"column":24},"end":{"line":92,"column":null}},"13":{"start":{"line":93,"column":25},"end":{"line":93,"column":null}}},"fnMap":{"0":{"name":"(anonymous_7)","decl":{"start":{"line":35,"column":16},"end":{"line":35,"column":21}},"loc":{"start":{"line":35,"column":21},"end":{"line":35,"column":30}}},"1":{"name":"(anonymous_8)","decl":{"start":{"line":57,"column":11},"end":{"line":57,"column":12}},"loc":{"start":{"line":57,"column":17},"end":{"line":57,"column":23}}},"2":{"name":"(anonymous_9)","decl":{"start":{"line":59,"column":18},"end":{"line":59,"column":19}},"loc":{"start":{"line":59,"column":24},"end":{"line":59,"column":30}}},"3":{"name":"(anonymous_10)","decl":{"start":{"line":60,"column":13},"end":{"line":60,"column":14}},"loc":{"start":{"line":60,"column":19},"end":{"line":60,"column":25}}},"4":{"name":"(anonymous_11)","decl":{"start":{"line":92,"column":13},"end":{"line":92,"column":14}},"loc":{"start":{"line":92,"column":19},"end":{"line":92,"column":25}}},"5":{"name":"(anonymous_12)","decl":{"start":{"line":93,"column":14},"end":{"line":93,"column":15}},"loc":{"start":{"line":93,"column":20},"end":{"line":93,"column":26}}}},"branchMap":{"0":{"loc":{"start":{"line":22,"column":41},"end":{"line":22,"column":60}},"type":"binary-expr","locations":[{"start":{"line":22,"column":41},"end":{"line":22,"column":60}},{"start":{"line":22,"column":41},"end":{"line":36,"column":2}}]},"1":{"loc":{"start":{"line":35,"column":55},"end":{"line":35,"column":61}},"type":"cond-expr","locations":[{"start":{"line":35,"column":55},"end":{"line":35,"column":61}},{"start":{"line":35,"column":64},"end":{"line":35,"column":70}}]},"2":{"loc":{"start":{"line":38,"column":49},"end":{"line":38,"column":null}},"type":"binary-expr","locations":[{"start":{"line":38,"column":49},"end":{"line":38,"column":null}},{"start":{"line":38,"column":49},"end":{"line":41,"column":2}}]},"3":{"loc":{"start":{"line":45,"column":33},"end":{"line":45,"column":null}},"type":"binary-expr","locations":[{"start":{"line":45,"column":33},"end":{"line":45,"column":null}},{"start":{"line":45,"column":33},"end":{"line":53,"column":2}}]},"4":{"loc":{"start":{"line":55,"column":55},"end":{"line":55,"column":90}},"type":"binary-expr","locations":[{"start":{"line":55,"column":55},"end":{"line":55,"column":90}},{"start":{"line":55,"column":55},"end":{"line":64,"column":2}}]},"5":{"loc":{"start":{"line":57,"column":39},"end":{"line":57,"column":45}},"type":"cond-expr","locations":[{"start":{"line":57,"column":39},"end":{"line":57,"column":45}},{"start":{"line":57,"column":48},"end":{"line":57,"column":51}}]},"6":{"loc":{"start":{"line":59,"column":46},"end":{"line":59,"column":51}},"type":"cond-expr","locations":[{"start":{"line":59,"column":46},"end":{"line":59,"column":51}},{"start":{"line":59,"column":54},"end":{"line":59,"column":57}}]},"7":{"loc":{"start":{"line":60,"column":41},"end":{"line":60,"column":42}},"type":"cond-expr","locations":[{"start":{"line":60,"column":41},"end":{"line":60,"column":42}},{"start":{"line":60,"column":45},"end":{"line":60,"column":46}}]},"8":{"loc":{"start":{"line":66,"column":45},"end":{"line":66,"column":null}},"type":"binary-expr","locations":[{"start":{"line":66,"column":45},"end":{"line":66,"column":null}},{"start":{"line":66,"column":45},"end":{"line":69,"column":2}}]},"9":{"loc":{"start":{"line":70,"column":48},"end":{"line":70,"column":null}},"type":"binary-expr","locations":[{"start":{"line":70,"column":48},"end":{"line":70,"column":null}},{"start":{"line":70,"column":48},"end":{"line":78,"column":2}}]},"10":{"loc":{"start":{"line":80,"column":44},"end":{"line":80,"column":68}},"type":"binary-expr","locations":[{"start":{"line":80,"column":44},"end":{"line":80,"column":68}},{"start":{"line":80,"column":44},"end":{"line":104,"column":2}}]},"11":{"loc":{"start":{"line":92,"column":53},"end":{"line":92,"column":59}},"type":"cond-expr","locations":[{"start":{"line":92,"column":53},"end":{"line":92,"column":59}},{"start":{"line":92,"column":62},"end":{"line":92,"column":68}}]},"12":{"loc":{"start":{"line":93,"column":54},"end":{"line":93,"column":60}},"type":"cond-expr","locations":[{"start":{"line":93,"column":54},"end":{"line":93,"column":60}},{"start":{"line":93,"column":63},"end":{"line":93,"column":69}}]}},"s":{"0":1,"1":1,"2":4,"3":1,"4":1,"5":1,"6":3,"7":3,"8":3,"9":1,"10":1,"11":1,"12":2,"13":2},"f":{"0":4,"1":3,"2":3,"3":3,"4":2,"5":2},"b":{"0":[1,1],"1":[3,1],"2":[1,1],"3":[1,1],"4":[1,1],"5":[2,1],"6":[2,1],"7":[2,1],"8":[1,1],"9":[1,1],"10":[1,1],"11":[2,0],"12":[2,0]}}
,"/Users/fred/code/GitHub/samurais-oauth/src/components/button/index.tsx": {"path":"/Users/fred/code/GitHub/samurais-oauth/src/components/button/index.tsx","statementMap":{"0":{"start":{"line":1,"column":0},"end":{"line":1,"column":26}},"1":{"start":{"line":2,"column":0},"end":{"line":2,"column":32}},"2":{"start":{"line":3,"column":0},"end":{"line":3,"column":null}},"3":{"start":{"line":21,"column":80},"end":{"line":21,"column":86}},"4":{"start":{"line":21,"column":17},"end":{"line":21,"column":30}},"5":{"start":{"line":21,"column":34},"end":{"line":21,"column":50}},"6":{"start":{"line":21,"column":67},"end":{"line":21,"column":80}},"7":{"start":{"line":22,"column":17},"end":{"line":33,"column":30}},"8":{"start":{"line":23,"column":15},"end":{"line":23,"column":25}},"9":{"start":{"line":24,"column":2},"end":{"line":24,"column":35}},"10":{"start":{"line":24,"column":23},"end":{"line":24,"column":35}},"11":{"start":{"line":25,"column":2},"end":{"line":31,"column":4}},"12":{"start":{"line":32,"column":2},"end":{"line":32,"column":14}},"13":{"start":{"line":34,"column":1},"end":{"line":38,"column":3}},"14":{"start":{"line":20,"column":0},"end":{"line":20,"column":16}}},"fnMap":{"0":{"name":"Button","decl":{"start":{"line":20,"column":16},"end":{"line":20,"column":22}},"loc":{"start":{"line":20,"column":41},"end":{"line":39,"column":1}}},"1":{"name":"(anonymous_2)","decl":{"start":{"line":22,"column":25},"end":{"line":22,"column":null}},"loc":{"start":{"line":22,"column":25},"end":{"line":33,"column":2}}}},"branchMap":{"0":{"loc":{"start":{"line":21,"column":20},"end":{"line":21,"column":28}},"type":"cond-expr","locations":[{"start":{"line":21,"column":20},"end":{"line":21,"column":28}},{"start":{"line":21,"column":28},"end":{"line":21,"column":30}}]},"1":{"loc":{"start":{"line":21,"column":37},"end":{"line":21,"column":48}},"type":"cond-expr","locations":[{"start":{"line":21,"column":37},"end":{"line":21,"column":48}},{"start":{"line":21,"column":48},"end":{"line":21,"column":50}}]},"2":{"loc":{"start":{"line":21,"column":70},"end":{"line":21,"column":75}},"type":"cond-expr","locations":[{"start":{"line":21,"column":70},"end":{"line":21,"column":75}},{"start":{"line":21,"column":75},"end":{"line":21,"column":80}}]},"3":{"loc":{"start":{"line":24,"column":2},"end":{"line":24,"column":35}},"type":"if","locations":[{"start":{"line":24,"column":2},"end":{"line":24,"column":35}},{"start":{"line":24,"column":2},"end":{"line":24,"column":35}}]},"4":{"loc":{"start":{"line":26,"column":66},"end":{"line":26,"column":67}},"type":"cond-expr","locations":[{"start":{"line":26,"column":66},"end":{"line":26,"column":67}},{"start":{"line":26,"column":70},"end":{"line":26,"column":71}}]}},"s":{"0":1,"1":1,"2":1,"3":8,"4":2,"5":2,"6":2,"7":2,"8":2,"9":2,"10":1,"11":1,"12":1,"13":2,"14":1},"f":{"0":2,"1":2},"b":{"0":[2,0],"1":[1,1],"2":[1,1],"3":[1,1],"4":[0,1]}}
,"/Users/fred/code/GitHub/samurais-oauth/src/components/input/checkbox.styled.ts": {"path":"/Users/fred/code/GitHub/samurais-oauth/src/components/input/checkbox.styled.ts","statementMap":{"0":{"start":{"line":1,"column":0},"end":{"line":1,"column":39}},"1":{"start":{"line":3,"column":13},"end":{"line":6,"column":2}},"2":{"start":{"line":8,"column":13},"end":{"line":11,"column":2}},"3":{"start":{"line":13,"column":13},"end":{"line":51,"column":2}}},"fnMap":{},"branchMap":{"0":{"loc":{"start":{"line":3,"column":49},"end":{"line":3,"column":null}},"type":"binary-expr","locations":[{"start":{"line":3,"column":49},"end":{"line":3,"column":null}},{"start":{"line":3,"column":49},"end":{"line":6,"column":2}}]},"1":{"loc":{"start":{"line":8,"column":47},"end":{"line":8,"column":null}},"type":"binary-expr","locations":[{"start":{"line":8,"column":47},"end":{"line":8,"column":null}},{"start":{"line":8,"column":47},"end":{"line":11,"column":2}}]},"2":{"loc":{"start":{"line":13,"column":42},"end":{"line":13,"column":null}},"type":"binary-expr","locations":[{"start":{"line":13,"column":42},"end":{"line":13,"column":null}},{"start":{"line":13,"column":42},"end":{"line":51,"column":2}}]}},"s":{"0":2,"1":2,"2":2,"3":2},"f":{},"b":{"0":[2,2],"1":[2,2],"2":[2,2]}}
,"/Users/fred/code/GitHub/samurais-oauth/src/components/input/checkbox.tsx": {"path":"/Users/fred/code/GitHub/samurais-oauth/src/components/input/checkbox.tsx","statementMap":{"0":{"start":{"line":2,"column":0},"end":{"line":2,"column":26}},"1":{"start":{"line":3,"column":0},"end":{"line":3,"column":null}},"2":{"start":{"line":15,"column":33},"end":{"line":15,"column":39}},"3":{"start":{"line":15,"column":28},"end":{"line":15,"column":33}},"4":{"start":{"line":16,"column":1},"end":{"line":21,"column":3}},"5":{"start":{"line":14,"column":0},"end":{"line":14,"column":16}}},"fnMap":{"0":{"name":"Checkbox","decl":{"start":{"line":14,"column":16},"end":{"line":14,"column":24}},"loc":{"start":{"line":14,"column":45},"end":{"line":22,"column":1}}}},"branchMap":{},"s":{"0":2,"1":2,"2":1,"3":1,"4":1,"5":2},"f":{"0":1},"b":{}}
,"/Users/fred/code/GitHub/samurais-oauth/src/components/input/index.styled.ts": {"path":"/Users/fred/code/GitHub/samurais-oauth/src/components/input/index.styled.ts","statementMap":{"0":{"start":{"line":1,"column":0},"end":{"line":1,"column":39}},"1":{"start":{"line":3,"column":13},"end":{"line":26,"column":2}}},"fnMap":{},"branchMap":{"0":{"loc":{"start":{"line":3,"column":39},"end":{"line":3,"column":null}},"type":"binary-expr","locations":[{"start":{"line":3,"column":39},"end":{"line":3,"column":null}},{"start":{"line":3,"column":39},"end":{"line":26,"column":2}}]}},"s":{"0":2,"1":2},"f":{},"b":{"0":[2,2]}}
,"/Users/fred/code/GitHub/samurais-oauth/src/components/input/index.tsx": {"path":"/Users/fred/code/GitHub/samurais-oauth/src/components/input/index.tsx","statementMap":{"0":{"start":{"line":2,"column":0},"end":{"line":2,"column":26}},"1":{"start":{"line":3,"column":0},"end":{"line":3,"column":38}},"2":{"start":{"line":4,"column":0},"end":{"line":4,"column":45}},"3":{"start":{"line":24,"column":1},"end":{"line":28,"column":3}},"4":{"start":{"line":23,"column":0},"end":{"line":23,"column":24}},"5":{"start":{"line":31,"column":0},"end":{"line":31,"column":26}}},"fnMap":{"0":{"name":"Input","decl":{"start":{"line":23,"column":24},"end":{"line":23,"column":29}},"loc":{"start":{"line":23,"column":47},"end":{"line":29,"column":1}}}},"branchMap":{},"s":{"0":2,"1":2,"2":2,"3":1,"4":2,"5":2},"f":{"0":1},"b":{}}
}
