TN:
SF:src/components/button/index.styled.ts
FN:35,(anonymous_7)
FN:57,(anonymous_8)
FN:59,(anonymous_9)
FN:60,(anonymous_10)
FN:92,(anonymous_11)
FN:93,(anonymous_12)
FNF:6
FNH:4
FNDA:4,(anonymous_7)
FNDA:3,(anonymous_8)
FNDA:3,(anonymous_9)
FNDA:3,(anonymous_10)
FNDA:0,(anonymous_11)
FNDA:0,(anonymous_12)
DA:1,1
DA:22,1
DA:35,4
DA:38,1
DA:45,1
DA:55,1
DA:57,3
DA:59,3
DA:60,3
DA:66,1
DA:70,1
DA:80,1
DA:92,0
DA:93,0
LF:14
LH:12
BRDA:22,0,0,1
BRDA:22,0,1,1
BRDA:35,1,0,3
BRDA:35,1,1,1
BRDA:38,2,0,1
BRDA:38,2,1,1
BRDA:45,3,0,1
BRDA:45,3,1,1
BRDA:55,4,0,1
BRDA:55,4,1,1
BRDA:57,5,0,2
BRDA:57,5,1,1
BRDA:59,6,0,2
BRDA:59,6,1,1
BRDA:60,7,0,2
BRDA:60,7,1,1
BRDA:66,8,0,1
BRDA:66,8,1,1
BRDA:70,9,0,1
BRDA:70,9,1,1
BRDA:80,10,0,1
BRDA:80,10,1,1
BRDA:92,11,0,0
BRDA:92,11,1,0
BRDA:93,12,0,0
BRDA:93,12,1,0
BRF:26
BRH:22
end_of_record
TN:
SF:src/components/button/index.tsx
FN:20,Button
FN:22,(anonymous_2)
FNF:2
FNH:2
FNDA:2,Button
FNDA:2,(anonymous_2)
DA:1,1
DA:2,1
DA:3,1
DA:20,1
DA:21,8
DA:22,2
DA:23,2
DA:24,2
DA:25,1
DA:32,1
DA:34,2
LF:11
LH:11
BRDA:21,0,0,2
BRDA:21,0,1,0
BRDA:21,1,0,1
BRDA:21,1,1,1
BRDA:21,2,0,1
BRDA:21,2,1,1
BRDA:24,3,0,1
BRDA:24,3,1,1
BRDA:26,4,0,0
BRDA:26,4,1,1
BRF:10
BRH:8
end_of_record
